0 info it worked if it ends with ok
1 verbose cli [ 'C:\\Program Files\\nodejs\\node.exe',
1 verbose cli   'C:\\Program Files\\nodejs\\node_modules\\npm\\bin\\npm-cli.js',
1 verbose cli   'install' ]
2 info using npm@3.10.8
3 info using node@v6.9.1
4 silly loadCurrentTree Starting
5 silly install loadCurrentTree
6 silly install readLocalPackageData
7 silly install normalizeTree
8 silly loadCurrentTree Finishing
9 silly loadIdealTree Starting
10 silly install loadIdealTree
11 silly cloneCurrentTree Starting
12 silly install cloneCurrentTreeToIdealTree
13 silly cloneCurrentTree Finishing
14 silly loadShrinkwrap Starting
15 silly install loadShrinkwrap
16 silly loadShrinkwrap Finishing
17 silly loadAllDepsIntoIdealTree Starting
18 silly install loadAllDepsIntoIdealTree
19 silly fetchNamedPackageData bootstrap-sass
20 silly mapToRegistry name bootstrap-sass
21 silly mapToRegistry using default registry
22 silly mapToRegistry registry https://registry.npmjs.org/
23 silly mapToRegistry data Result {
23 silly mapToRegistry   raw: 'bootstrap-sass',
23 silly mapToRegistry   scope: null,
23 silly mapToRegistry   escapedName: 'bootstrap-sass',
23 silly mapToRegistry   name: 'bootstrap-sass',
23 silly mapToRegistry   rawSpec: '',
23 silly mapToRegistry   spec: 'latest',
23 silly mapToRegistry   type: 'tag' }
24 silly mapToRegistry uri https://registry.npmjs.org/bootstrap-sass
25 silly fetchNamedPackageData jquery
26 silly mapToRegistry name jquery
27 silly mapToRegistry using default registry
28 silly mapToRegistry registry https://registry.npmjs.org/
29 silly mapToRegistry data Result {
29 silly mapToRegistry   raw: 'jquery',
29 silly mapToRegistry   scope: null,
29 silly mapToRegistry   escapedName: 'jquery',
29 silly mapToRegistry   name: 'jquery',
29 silly mapToRegistry   rawSpec: '',
29 silly mapToRegistry   spec: 'latest',
29 silly mapToRegistry   type: 'tag' }
30 silly mapToRegistry uri https://registry.npmjs.org/jquery
31 silly fetchNamedPackageData laravel-elixir-webpack-official
32 silly mapToRegistry name laravel-elixir-webpack-official
33 silly mapToRegistry using default registry
34 silly mapToRegistry registry https://registry.npmjs.org/
35 silly mapToRegistry data Result {
35 silly mapToRegistry   raw: 'laravel-elixir-webpack-official',
35 silly mapToRegistry   scope: null,
35 silly mapToRegistry   escapedName: 'laravel-elixir-webpack-official',
35 silly mapToRegistry   name: 'laravel-elixir-webpack-official',
35 silly mapToRegistry   rawSpec: '',
35 silly mapToRegistry   spec: 'latest',
35 silly mapToRegistry   type: 'tag' }
36 silly mapToRegistry uri https://registry.npmjs.org/laravel-elixir-webpack-official
37 silly fetchNamedPackageData lodash
38 silly mapToRegistry name lodash
39 silly mapToRegistry using default registry
40 silly mapToRegistry registry https://registry.npmjs.org/
41 silly mapToRegistry data Result {
41 silly mapToRegistry   raw: 'lodash',
41 silly mapToRegistry   scope: null,
41 silly mapToRegistry   escapedName: 'lodash',
41 silly mapToRegistry   name: 'lodash',
41 silly mapToRegistry   rawSpec: '',
41 silly mapToRegistry   spec: 'latest',
41 silly mapToRegistry   type: 'tag' }
42 silly mapToRegistry uri https://registry.npmjs.org/lodash
43 silly fetchNamedPackageData vue
44 silly mapToRegistry name vue
45 silly mapToRegistry using default registry
46 silly mapToRegistry registry https://registry.npmjs.org/
47 silly mapToRegistry data Result {
47 silly mapToRegistry   raw: 'vue',
47 silly mapToRegistry   scope: null,
47 silly mapToRegistry   escapedName: 'vue',
47 silly mapToRegistry   name: 'vue',
47 silly mapToRegistry   rawSpec: '',
47 silly mapToRegistry   spec: 'latest',
47 silly mapToRegistry   type: 'tag' }
48 silly mapToRegistry uri https://registry.npmjs.org/vue
49 silly fetchNamedPackageData vue-resource
50 silly mapToRegistry name vue-resource
51 silly mapToRegistry using default registry
52 silly mapToRegistry registry https://registry.npmjs.org/
53 silly mapToRegistry data Result {
53 silly mapToRegistry   raw: 'vue-resource',
53 silly mapToRegistry   scope: null,
53 silly mapToRegistry   escapedName: 'vue-resource',
53 silly mapToRegistry   name: 'vue-resource',
53 silly mapToRegistry   rawSpec: '',
53 silly mapToRegistry   spec: 'latest',
53 silly mapToRegistry   type: 'tag' }
54 silly mapToRegistry uri https://registry.npmjs.org/vue-resource
55 verbose request uri https://registry.npmjs.org/bootstrap-sass
56 verbose request no auth needed
57 info attempt registry request try #1 at 22:47:43
58 verbose request id 61c125312189cf91
59 verbose etag "DJ0RC91XJDXDCYQ7VU9O4LYCB"
60 http request GET https://registry.npmjs.org/bootstrap-sass
61 verbose request uri https://registry.npmjs.org/laravel-elixir-webpack-official
62 verbose request no auth needed
63 info attempt registry request try #1 at 22:47:43
64 verbose etag "1JPTTWH10PAEWRBWAOPAYXNQO"
65 http request GET https://registry.npmjs.org/laravel-elixir-webpack-official
66 verbose request uri https://registry.npmjs.org/lodash
67 verbose request no auth needed
68 info attempt registry request try #1 at 22:47:43
69 verbose etag "8SP4LO7UD9S8U3I19UGSCKUTN"
70 http request GET https://registry.npmjs.org/lodash
71 verbose request uri https://registry.npmjs.org/jquery
72 verbose request no auth needed
73 info attempt registry request try #1 at 22:47:43
74 verbose etag "92283JBQWSG8PDXEFRNVJQXDW"
75 http request GET https://registry.npmjs.org/jquery
76 verbose request uri https://registry.npmjs.org/vue-resource
77 verbose request no auth needed
78 info attempt registry request try #1 at 22:47:43
79 verbose etag "B71HSGTBL5TCNREHMHZQ6SU2I"
80 http request GET https://registry.npmjs.org/vue-resource
81 verbose request uri https://registry.npmjs.org/vue
82 verbose request no auth needed
83 info attempt registry request try #1 at 22:47:43
84 verbose etag "3C5OW2PC3FSCGE10EF8QGR3VY"
85 http request GET https://registry.npmjs.org/vue
86 http 304 https://registry.npmjs.org/vue
87 verbose headers { date: 'Thu, 27 Oct 2016 01:47:42 GMT',
87 verbose headers   via: '1.1 varnish',
87 verbose headers   'cache-control': 'max-age=300',
87 verbose headers   etag: '"3C5OW2PC3FSCGE10EF8QGR3VY"',
87 verbose headers   age: '30',
87 verbose headers   connection: 'keep-alive',
87 verbose headers   'x-served-by': 'cache-gru7125-GRU',
87 verbose headers   'x-cache': 'HIT',
87 verbose headers   'x-cache-hits': '1',
87 verbose headers   'x-timer': 'S1477532862.942505,VS0,VE0',
87 verbose headers   vary: 'Accept-Encoding' }
88 silly get cb [ 304,
88 silly get   { date: 'Thu, 27 Oct 2016 01:47:42 GMT',
88 silly get     via: '1.1 varnish',
88 silly get     'cache-control': 'max-age=300',
88 silly get     etag: '"3C5OW2PC3FSCGE10EF8QGR3VY"',
88 silly get     age: '30',
88 silly get     connection: 'keep-alive',
88 silly get     'x-served-by': 'cache-gru7125-GRU',
88 silly get     'x-cache': 'HIT',
88 silly get     'x-cache-hits': '1',
88 silly get     'x-timer': 'S1477532862.942505,VS0,VE0',
88 silly get     vary: 'Accept-Encoding' } ]
89 verbose etag https://registry.npmjs.org/vue from cache
90 verbose get saving vue to C:\Users\Carlos Sanhueza R\AppData\Roaming\npm-cache\registry.npmjs.org\vue\.cache.json
91 verbose correctMkdir C:\Users\Carlos Sanhueza R\AppData\Roaming\npm-cache correctMkdir not in flight; initializing
92 http 304 https://registry.npmjs.org/laravel-elixir-webpack-official
93 verbose headers { date: 'Thu, 27 Oct 2016 01:47:42 GMT',
93 verbose headers   via: '1.1 varnish',
93 verbose headers   'cache-control': 'max-age=300',
93 verbose headers   etag: '"1JPTTWH10PAEWRBWAOPAYXNQO"',
93 verbose headers   age: '30',
93 verbose headers   connection: 'keep-alive',
93 verbose headers   'x-served-by': 'cache-gru7120-GRU',
93 verbose headers   'x-cache': 'HIT',
93 verbose headers   'x-cache-hits': '1',
93 verbose headers   'x-timer': 'S1477532862.941769,VS0,VE0',
93 verbose headers   vary: 'Accept-Encoding' }
94 silly get cb [ 304,
94 silly get   { date: 'Thu, 27 Oct 2016 01:47:42 GMT',
94 silly get     via: '1.1 varnish',
94 silly get     'cache-control': 'max-age=300',
94 silly get     etag: '"1JPTTWH10PAEWRBWAOPAYXNQO"',
94 silly get     age: '30',
94 silly get     connection: 'keep-alive',
94 silly get     'x-served-by': 'cache-gru7120-GRU',
94 silly get     'x-cache': 'HIT',
94 silly get     'x-cache-hits': '1',
94 silly get     'x-timer': 'S1477532862.941769,VS0,VE0',
94 silly get     vary: 'Accept-Encoding' } ]
95 verbose etag https://registry.npmjs.org/laravel-elixir-webpack-official from cache
96 verbose get saving laravel-elixir-webpack-official to C:\Users\Carlos Sanhueza R\AppData\Roaming\npm-cache\registry.npmjs.org\laravel-elixir-webpack-official\.cache.json
97 verbose correctMkdir C:\Users\Carlos Sanhueza R\AppData\Roaming\npm-cache correctMkdir already in flight; waiting
98 http 304 https://registry.npmjs.org/bootstrap-sass
99 verbose headers { date: 'Thu, 27 Oct 2016 01:47:42 GMT',
99 verbose headers   via: '1.1 varnish',
99 verbose headers   'cache-control': 'max-age=300',
99 verbose headers   etag: '"DJ0RC91XJDXDCYQ7VU9O4LYCB"',
99 verbose headers   age: '30',
99 verbose headers   connection: 'keep-alive',
99 verbose headers   'x-served-by': 'cache-gru7127-GRU',
99 verbose headers   'x-cache': 'HIT',
99 verbose headers   'x-cache-hits': '2',
99 verbose headers   'x-timer': 'S1477532862.950536,VS0,VE0',
99 verbose headers   vary: 'Accept-Encoding' }
100 silly get cb [ 304,
100 silly get   { date: 'Thu, 27 Oct 2016 01:47:42 GMT',
100 silly get     via: '1.1 varnish',
100 silly get     'cache-control': 'max-age=300',
100 silly get     etag: '"DJ0RC91XJDXDCYQ7VU9O4LYCB"',
100 silly get     age: '30',
100 silly get     connection: 'keep-alive',
100 silly get     'x-served-by': 'cache-gru7127-GRU',
100 silly get     'x-cache': 'HIT',
100 silly get     'x-cache-hits': '2',
100 silly get     'x-timer': 'S1477532862.950536,VS0,VE0',
100 silly get     vary: 'Accept-Encoding' } ]
101 verbose etag https://registry.npmjs.org/bootstrap-sass from cache
102 verbose get saving bootstrap-sass to C:\Users\Carlos Sanhueza R\AppData\Roaming\npm-cache\registry.npmjs.org\bootstrap-sass\.cache.json
103 verbose correctMkdir C:\Users\Carlos Sanhueza R\AppData\Roaming\npm-cache correctMkdir not in flight; initializing
104 http 304 https://registry.npmjs.org/jquery
105 verbose headers { date: 'Thu, 27 Oct 2016 01:47:42 GMT',
105 verbose headers   via: '1.1 varnish',
105 verbose headers   'cache-control': 'max-age=300',
105 verbose headers   etag: '"92283JBQWSG8PDXEFRNVJQXDW"',
105 verbose headers   age: '248',
105 verbose headers   connection: 'keep-alive',
105 verbose headers   'x-served-by': 'cache-gru7127-GRU',
105 verbose headers   'x-cache': 'HIT',
105 verbose headers   'x-cache-hits': '2',
105 verbose headers   'x-timer': 'S1477532862.949867,VS0,VE0',
105 verbose headers   vary: 'Accept-Encoding' }
106 silly get cb [ 304,
106 silly get   { date: 'Thu, 27 Oct 2016 01:47:42 GMT',
106 silly get     via: '1.1 varnish',
106 silly get     'cache-control': 'max-age=300',
106 silly get     etag: '"92283JBQWSG8PDXEFRNVJQXDW"',
106 silly get     age: '248',
106 silly get     connection: 'keep-alive',
106 silly get     'x-served-by': 'cache-gru7127-GRU',
106 silly get     'x-cache': 'HIT',
106 silly get     'x-cache-hits': '2',
106 silly get     'x-timer': 'S1477532862.949867,VS0,VE0',
106 silly get     vary: 'Accept-Encoding' } ]
107 verbose etag https://registry.npmjs.org/jquery from cache
108 verbose get saving jquery to C:\Users\Carlos Sanhueza R\AppData\Roaming\npm-cache\registry.npmjs.org\jquery\.cache.json
109 verbose correctMkdir C:\Users\Carlos Sanhueza R\AppData\Roaming\npm-cache correctMkdir not in flight; initializing
110 silly resolveWithNewModule laravel-elixir-webpack-official@1.0.9 checking installable status
111 silly cache add args [ 'laravel-elixir-webpack-official@^1.0.2', null ]
112 verbose cache add spec laravel-elixir-webpack-official@^1.0.2
113 silly cache add parsed spec Result {
113 silly cache add   raw: 'laravel-elixir-webpack-official@^1.0.2',
113 silly cache add   scope: null,
113 silly cache add   escapedName: 'laravel-elixir-webpack-official',
113 silly cache add   name: 'laravel-elixir-webpack-official',
113 silly cache add   rawSpec: '^1.0.2',
113 silly cache add   spec: '>=1.0.2 <2.0.0',
113 silly cache add   type: 'range' }
114 silly addNamed laravel-elixir-webpack-official@>=1.0.2 <2.0.0
115 verbose addNamed ">=1.0.2 <2.0.0" is a valid semver range for laravel-elixir-webpack-official
116 silly addNameRange { name: 'laravel-elixir-webpack-official',
116 silly addNameRange   range: '>=1.0.2 <2.0.0',
116 silly addNameRange   hasData: false }
117 silly mapToRegistry name laravel-elixir-webpack-official
118 silly mapToRegistry using default registry
119 silly mapToRegistry registry https://registry.npmjs.org/
120 silly mapToRegistry data Result {
120 silly mapToRegistry   raw: 'laravel-elixir-webpack-official',
120 silly mapToRegistry   scope: null,
120 silly mapToRegistry   escapedName: 'laravel-elixir-webpack-official',
120 silly mapToRegistry   name: 'laravel-elixir-webpack-official',
120 silly mapToRegistry   rawSpec: '',
120 silly mapToRegistry   spec: 'latest',
120 silly mapToRegistry   type: 'tag' }
121 silly mapToRegistry uri https://registry.npmjs.org/laravel-elixir-webpack-official
122 verbose addNameRange registry:https://registry.npmjs.org/laravel-elixir-webpack-official not in flight; fetching
123 silly resolveWithNewModule vue@2.0.3 checking installable status
124 silly cache add args [ 'vue@^2.0.1', null ]
125 verbose cache add spec vue@^2.0.1
126 silly cache add parsed spec Result {
126 silly cache add   raw: 'vue@^2.0.1',
126 silly cache add   scope: null,
126 silly cache add   escapedName: 'vue',
126 silly cache add   name: 'vue',
126 silly cache add   rawSpec: '^2.0.1',
126 silly cache add   spec: '>=2.0.1 <3.0.0',
126 silly cache add   type: 'range' }
127 silly addNamed vue@>=2.0.1 <3.0.0
128 verbose addNamed ">=2.0.1 <3.0.0" is a valid semver range for vue
129 silly addNameRange { name: 'vue', range: '>=2.0.1 <3.0.0', hasData: false }
130 silly mapToRegistry name vue
131 silly mapToRegistry using default registry
132 silly mapToRegistry registry https://registry.npmjs.org/
133 silly mapToRegistry data Result {
133 silly mapToRegistry   raw: 'vue',
133 silly mapToRegistry   scope: null,
133 silly mapToRegistry   escapedName: 'vue',
133 silly mapToRegistry   name: 'vue',
133 silly mapToRegistry   rawSpec: '',
133 silly mapToRegistry   spec: 'latest',
133 silly mapToRegistry   type: 'tag' }
134 silly mapToRegistry uri https://registry.npmjs.org/vue
135 verbose addNameRange registry:https://registry.npmjs.org/vue not in flight; fetching
136 verbose get https://registry.npmjs.org/laravel-elixir-webpack-official not expired, no request
137 silly addNameRange number 2 { name: 'laravel-elixir-webpack-official',
137 silly addNameRange   range: '>=1.0.2 <2.0.0',
137 silly addNameRange   hasData: true }
138 silly addNameRange versions [ 'laravel-elixir-webpack-official',
138 silly addNameRange   [ '1.0.0',
138 silly addNameRange     '1.0.1',
138 silly addNameRange     '1.0.2',
138 silly addNameRange     '1.0.3',
138 silly addNameRange     '1.0.4',
138 silly addNameRange     '1.0.5',
138 silly addNameRange     '1.0.6',
138 silly addNameRange     '1.0.8',
138 silly addNameRange     '1.0.9' ] ]
139 silly addNamed laravel-elixir-webpack-official@1.0.9
140 verbose addNamed "1.0.9" is a plain semver version for laravel-elixir-webpack-official
141 silly resolveWithNewModule bootstrap-sass@3.3.7 checking installable status
142 silly cache add args [ 'bootstrap-sass@^3.3.7', null ]
143 verbose cache add spec bootstrap-sass@^3.3.7
144 silly cache add parsed spec Result {
144 silly cache add   raw: 'bootstrap-sass@^3.3.7',
144 silly cache add   scope: null,
144 silly cache add   escapedName: 'bootstrap-sass',
144 silly cache add   name: 'bootstrap-sass',
144 silly cache add   rawSpec: '^3.3.7',
144 silly cache add   spec: '>=3.3.7 <4.0.0',
144 silly cache add   type: 'range' }
145 silly addNamed bootstrap-sass@>=3.3.7 <4.0.0
146 verbose addNamed ">=3.3.7 <4.0.0" is a valid semver range for bootstrap-sass
147 silly addNameRange { name: 'bootstrap-sass',
147 silly addNameRange   range: '>=3.3.7 <4.0.0',
147 silly addNameRange   hasData: false }
148 silly mapToRegistry name bootstrap-sass
149 silly mapToRegistry using default registry
150 silly mapToRegistry registry https://registry.npmjs.org/
151 silly mapToRegistry data Result {
151 silly mapToRegistry   raw: 'bootstrap-sass',
151 silly mapToRegistry   scope: null,
151 silly mapToRegistry   escapedName: 'bootstrap-sass',
151 silly mapToRegistry   name: 'bootstrap-sass',
151 silly mapToRegistry   rawSpec: '',
151 silly mapToRegistry   spec: 'latest',
151 silly mapToRegistry   type: 'tag' }
152 silly mapToRegistry uri https://registry.npmjs.org/bootstrap-sass
153 verbose addNameRange registry:https://registry.npmjs.org/bootstrap-sass not in flight; fetching
154 silly resolveWithNewModule jquery@3.1.1 checking installable status
155 silly cache add args [ 'jquery@^3.1.0', null ]
156 verbose cache add spec jquery@^3.1.0
157 silly cache add parsed spec Result {
157 silly cache add   raw: 'jquery@^3.1.0',
157 silly cache add   scope: null,
157 silly cache add   escapedName: 'jquery',
157 silly cache add   name: 'jquery',
157 silly cache add   rawSpec: '^3.1.0',
157 silly cache add   spec: '>=3.1.0 <4.0.0',
157 silly cache add   type: 'range' }
158 silly addNamed jquery@>=3.1.0 <4.0.0
159 verbose addNamed ">=3.1.0 <4.0.0" is a valid semver range for jquery
160 silly addNameRange { name: 'jquery', range: '>=3.1.0 <4.0.0', hasData: false }
161 silly mapToRegistry name jquery
162 silly mapToRegistry using default registry
163 silly mapToRegistry registry https://registry.npmjs.org/
164 silly mapToRegistry data Result {
164 silly mapToRegistry   raw: 'jquery',
164 silly mapToRegistry   scope: null,
164 silly mapToRegistry   escapedName: 'jquery',
164 silly mapToRegistry   name: 'jquery',
164 silly mapToRegistry   rawSpec: '',
164 silly mapToRegistry   spec: 'latest',
164 silly mapToRegistry   type: 'tag' }
165 silly mapToRegistry uri https://registry.npmjs.org/jquery
166 verbose addNameRange registry:https://registry.npmjs.org/jquery not in flight; fetching
167 verbose get https://registry.npmjs.org/vue not expired, no request
168 silly addNameRange number 2 { name: 'vue', range: '>=2.0.1 <3.0.0', hasData: true }
169 silly addNameRange versions [ 'vue',
169 silly addNameRange   [ '0.0.0',
169 silly addNameRange     '0.6.0',
169 silly addNameRange     '0.7.0',
169 silly addNameRange     '0.7.1',
169 silly addNameRange     '0.7.3',
169 silly addNameRange     '0.7.4',
169 silly addNameRange     '0.7.5',
169 silly addNameRange     '0.7.6',
169 silly addNameRange     '0.8.0',
169 silly addNameRange     '0.8.1',
169 silly addNameRange     '0.8.2',
169 silly addNameRange     '0.8.3',
169 silly addNameRange     '0.8.4',
169 silly addNameRange     '0.8.6',
169 silly addNameRange     '0.8.7',
169 silly addNameRange     '0.8.8',
169 silly addNameRange     '0.9.0',
169 silly addNameRange     '0.9.1',
169 silly addNameRange     '0.9.2',
169 silly addNameRange     '0.9.3',
169 silly addNameRange     '0.10.0',
169 silly addNameRange     '0.10.1',
169 silly addNameRange     '0.10.2',
169 silly addNameRange     '0.10.3',
169 silly addNameRange     '0.10.4',
169 silly addNameRange     '0.10.5',
169 silly addNameRange     '0.10.6',
169 silly addNameRange     '0.11.0-rc',
169 silly addNameRange     '0.11.0-rc2',
169 silly addNameRange     '0.11.0-rc3',
169 silly addNameRange     '0.11.0',
169 silly addNameRange     '0.11.1',
169 silly addNameRange     '0.11.2',
169 silly addNameRange     '0.11.3',
169 silly addNameRange     '0.11.4',
169 silly addNameRange     '0.11.5',
169 silly addNameRange     '0.11.6',
169 silly addNameRange     '0.11.7',
169 silly addNameRange     '0.11.8',
169 silly addNameRange     '0.11.9',
169 silly addNameRange     '0.11.10',
169 silly addNameRange     '0.12.0-beta1',
169 silly addNameRange     '0.12.0-beta2',
169 silly addNameRange     '0.12.0-beta3',
169 silly addNameRange     '0.12.0-beta4',
169 silly addNameRange     '0.12.0-beta5',
169 silly addNameRange     '0.12.0-rc',
169 silly addNameRange     '0.12.0-rc2',
169 silly addNameRange     '0.12.0',
169 silly addNameRange     '0.12.0-csp',
169 silly addNameRange     '0.12.1',
169 silly addNameRange     '0.12.1-csp',
169 silly addNameRange     '0.12.1-csp.1',
169 silly addNameRange     '0.12.1-csp.2',
169 silly addNameRange     '0.12.2',
169 silly addNameRange     '0.12.3',
169 silly addNameRange     '0.12.4',
169 silly addNameRange     '0.12.5',
169 silly addNameRange     '0.12.5-csp',
169 silly addNameRange     '0.12.6',
169 silly addNameRange     '0.12.6-csp',
169 silly addNameRange     '0.12.7',
169 silly addNameRange     '0.12.7-csp',
169 silly addNameRange     '0.12.8',
169 silly addNameRange     '0.12.8-csp',
169 silly addNameRange     '0.12.9',
169 silly addNameRange     '0.12.9-csp',
169 silly addNameRange     '0.12.10',
169 silly addNameRange     '0.12.10-csp',
169 silly addNameRange     '0.12.11',
169 silly addNameRange     '0.12.11-csp',
169 silly addNameRange     '0.12.12',
169 silly addNameRange     '0.12.12-csp',
169 silly addNameRange     '1.0.0-alpha.1',
169 silly addNameRange     '1.0.0-alpha.2',
169 silly addNameRange     '0.12.13',
169 silly addNameRange     '0.12.13-csp',
169 silly addNameRange     '1.0.0-alpha.3',
169 silly addNameRange     '0.12.14',
169 silly addNameRange     '0.12.14-csp',
169 silly addNameRange     '1.0.0-alpha.4',
169 silly addNameRange     '0.12.15',
169 silly addNameRange     '0.12.15-csp',
169 silly addNameRange     '1.0.0-alpha.5',
169 silly addNameRange     '1.0.0-beta.1',
169 silly addNameRange     '0.12.16',
169 silly addNameRange     '0.12.16-csp',
169 silly addNameRange     '1.0.0-alpha.6',
169 silly addNameRange     '1.0.0-beta.2',
169 silly addNameRange     '1.0.0-alpha.7',
169 silly addNameRange     '1.0.0-beta.3',
169 silly addNameRange     '1.0.0-alpha.8',
169 silly addNameRange     '1.0.0-beta.4',
169 silly addNameRange     '1.0.0-rc.1',
169 silly addNameRange     '1.0.0-rc.2-migration',
169 silly addNameRange     '1.0.0-rc.2',
169 silly addNameRange     '1.0.0-csp',
169 silly addNameRange     '1.0.0-migration',
169 silly addNameRange     '1.0.0',
169 silly addNameRange     '1.0.1',
169 silly addNameRange     ... 75 more items ] ]
170 silly addNamed vue@2.0.3
171 verbose addNamed "2.0.3" is a plain semver version for vue
172 silly cache afterAdd laravel-elixir-webpack-official@1.0.9
173 verbose afterAdd C:\Users\Carlos Sanhueza R\AppData\Roaming\npm-cache\laravel-elixir-webpack-official\1.0.9\package\package.json not in flight; writing
174 verbose correctMkdir C:\Users\Carlos Sanhueza R\AppData\Roaming\npm-cache correctMkdir not in flight; initializing
175 verbose get https://registry.npmjs.org/jquery not expired, no request
176 silly addNameRange number 2 { name: 'jquery', range: '>=3.1.0 <4.0.0', hasData: true }
177 silly addNameRange versions [ 'jquery',
177 silly addNameRange   [ '1.5.1',
177 silly addNameRange     '1.6.2',
177 silly addNameRange     '1.6.3',
177 silly addNameRange     '1.7.2',
177 silly addNameRange     '1.7.3',
177 silly addNameRange     '1.8.2',
177 silly addNameRange     '1.8.3',
177 silly addNameRange     '2.1.0-beta2',
177 silly addNameRange     '2.1.0-beta3',
177 silly addNameRange     '1.11.0-beta3',
177 silly addNameRange     '1.11.0-rc1',
177 silly addNameRange     '2.1.0-rc1',
177 silly addNameRange     '1.11.0',
177 silly addNameRange     '2.1.0',
177 silly addNameRange     '2.1.1-beta1',
177 silly addNameRange     '1.11.1-beta1',
177 silly addNameRange     '2.1.1-rc1',
177 silly addNameRange     '1.11.1-rc1',
177 silly addNameRange     '2.1.1-rc2',
177 silly addNameRange     '1.11.1-rc2',
177 silly addNameRange     '2.1.1',
177 silly addNameRange     '1.11.1',
177 silly addNameRange     '1.9.1',
177 silly addNameRange     '2.1.2',
177 silly addNameRange     '1.11.2',
177 silly addNameRange     '2.1.3',
177 silly addNameRange     '2.1.4',
177 silly addNameRange     '1.11.3',
177 silly addNameRange     '3.0.0-alpha1',
177 silly addNameRange     '1.12.0',
177 silly addNameRange     '2.2.0',
177 silly addNameRange     '3.0.0-beta1',
177 silly addNameRange     '1.12.1',
177 silly addNameRange     '2.2.1',
177 silly addNameRange     '1.12.2',
177 silly addNameRange     '2.2.2',
177 silly addNameRange     '1.12.3',
177 silly addNameRange     '2.2.3',
177 silly addNameRange     '1.12.4',
177 silly addNameRange     '2.2.4',
177 silly addNameRange     '3.0.0-rc1',
177 silly addNameRange     '3.0.0',
177 silly addNameRange     '3.1.0',
177 silly addNameRange     '3.1.1' ] ]
178 silly addNamed jquery@3.1.1
179 verbose addNamed "3.1.1" is a plain semver version for jquery
180 verbose get https://registry.npmjs.org/bootstrap-sass not expired, no request
181 silly addNameRange number 2 { name: 'bootstrap-sass',
181 silly addNameRange   range: '>=3.3.7 <4.0.0',
181 silly addNameRange   hasData: true }
182 silly addNameRange versions [ 'bootstrap-sass',
182 silly addNameRange   [ '2.3.2',
182 silly addNameRange     '3.1.1',
182 silly addNameRange     '3.2.0',
182 silly addNameRange     '3.3.0',
182 silly addNameRange     '3.3.1',
182 silly addNameRange     '3.3.2',
182 silly addNameRange     '3.3.3',
182 silly addNameRange     '3.3.4',
182 silly addNameRange     '3.3.5',
182 silly addNameRange     '3.3.6',
182 silly addNameRange     '3.3.7' ] ]
183 silly addNamed bootstrap-sass@3.3.7
184 verbose addNamed "3.3.7" is a plain semver version for bootstrap-sass
185 silly cache afterAdd vue@2.0.3
186 verbose afterAdd C:\Users\Carlos Sanhueza R\AppData\Roaming\npm-cache\vue\2.0.3\package\package.json not in flight; writing
187 verbose correctMkdir C:\Users\Carlos Sanhueza R\AppData\Roaming\npm-cache correctMkdir not in flight; initializing
188 silly cache afterAdd jquery@3.1.1
189 verbose afterAdd C:\Users\Carlos Sanhueza R\AppData\Roaming\npm-cache\jquery\3.1.1\package\package.json not in flight; writing
190 verbose correctMkdir C:\Users\Carlos Sanhueza R\AppData\Roaming\npm-cache correctMkdir not in flight; initializing
191 silly cache afterAdd bootstrap-sass@3.3.7
192 verbose afterAdd C:\Users\Carlos Sanhueza R\AppData\Roaming\npm-cache\bootstrap-sass\3.3.7\package\package.json not in flight; writing
193 verbose correctMkdir C:\Users\Carlos Sanhueza R\AppData\Roaming\npm-cache correctMkdir not in flight; initializing
194 verbose afterAdd C:\Users\Carlos Sanhueza R\AppData\Roaming\npm-cache\laravel-elixir-webpack-official\1.0.9\package\package.json written
195 verbose afterAdd C:\Users\Carlos Sanhueza R\AppData\Roaming\npm-cache\vue\2.0.3\package\package.json written
196 verbose afterAdd C:\Users\Carlos Sanhueza R\AppData\Roaming\npm-cache\bootstrap-sass\3.3.7\package\package.json written
197 verbose afterAdd C:\Users\Carlos Sanhueza R\AppData\Roaming\npm-cache\jquery\3.1.1\package\package.json written
198 http 304 https://registry.npmjs.org/lodash
199 verbose headers { date: 'Thu, 27 Oct 2016 01:47:43 GMT',
199 verbose headers   via: '1.1 varnish',
199 verbose headers   'cache-control': 'max-age=300',
199 verbose headers   etag: '"8SP4LO7UD9S8U3I19UGSCKUTN"',
199 verbose headers   age: '43',
199 verbose headers   connection: 'keep-alive',
199 verbose headers   'x-served-by': 'cache-gru7120-GRU',
199 verbose headers   'x-cache': 'HIT',
199 verbose headers   'x-cache-hits': '6',
199 verbose headers   'x-timer': 'S1477532863.298964,VS0,VE0',
199 verbose headers   vary: 'Accept-Encoding' }
200 silly get cb [ 304,
200 silly get   { date: 'Thu, 27 Oct 2016 01:47:43 GMT',
200 silly get     via: '1.1 varnish',
200 silly get     'cache-control': 'max-age=300',
200 silly get     etag: '"8SP4LO7UD9S8U3I19UGSCKUTN"',
200 silly get     age: '43',
200 silly get     connection: 'keep-alive',
200 silly get     'x-served-by': 'cache-gru7120-GRU',
200 silly get     'x-cache': 'HIT',
200 silly get     'x-cache-hits': '6',
200 silly get     'x-timer': 'S1477532863.298964,VS0,VE0',
200 silly get     vary: 'Accept-Encoding' } ]
201 verbose etag https://registry.npmjs.org/lodash from cache
202 verbose get saving lodash to C:\Users\Carlos Sanhueza R\AppData\Roaming\npm-cache\registry.npmjs.org\lodash\.cache.json
203 verbose correctMkdir C:\Users\Carlos Sanhueza R\AppData\Roaming\npm-cache correctMkdir not in flight; initializing
204 silly resolveWithNewModule lodash@4.16.4 checking installable status
205 silly cache add args [ 'lodash@^4.16.2', null ]
206 verbose cache add spec lodash@^4.16.2
207 silly cache add parsed spec Result {
207 silly cache add   raw: 'lodash@^4.16.2',
207 silly cache add   scope: null,
207 silly cache add   escapedName: 'lodash',
207 silly cache add   name: 'lodash',
207 silly cache add   rawSpec: '^4.16.2',
207 silly cache add   spec: '>=4.16.2 <5.0.0',
207 silly cache add   type: 'range' }
208 silly addNamed lodash@>=4.16.2 <5.0.0
209 verbose addNamed ">=4.16.2 <5.0.0" is a valid semver range for lodash
210 silly addNameRange { name: 'lodash', range: '>=4.16.2 <5.0.0', hasData: false }
211 silly mapToRegistry name lodash
212 silly mapToRegistry using default registry
213 silly mapToRegistry registry https://registry.npmjs.org/
214 silly mapToRegistry data Result {
214 silly mapToRegistry   raw: 'lodash',
214 silly mapToRegistry   scope: null,
214 silly mapToRegistry   escapedName: 'lodash',
214 silly mapToRegistry   name: 'lodash',
214 silly mapToRegistry   rawSpec: '',
214 silly mapToRegistry   spec: 'latest',
214 silly mapToRegistry   type: 'tag' }
215 silly mapToRegistry uri https://registry.npmjs.org/lodash
216 verbose addNameRange registry:https://registry.npmjs.org/lodash not in flight; fetching
217 verbose get https://registry.npmjs.org/lodash not expired, no request
218 silly addNameRange number 2 { name: 'lodash', range: '>=4.16.2 <5.0.0', hasData: true }
219 silly addNameRange versions [ 'lodash',
219 silly addNameRange   [ '0.1.0',
219 silly addNameRange     '0.2.0',
219 silly addNameRange     '0.2.1',
219 silly addNameRange     '0.2.2',
219 silly addNameRange     '0.3.0',
219 silly addNameRange     '0.3.1',
219 silly addNameRange     '0.3.2',
219 silly addNameRange     '0.4.0',
219 silly addNameRange     '0.4.1',
219 silly addNameRange     '0.4.2',
219 silly addNameRange     '0.5.0-rc.1',
219 silly addNameRange     '0.5.0',
219 silly addNameRange     '0.5.1',
219 silly addNameRange     '0.5.2',
219 silly addNameRange     '0.6.0',
219 silly addNameRange     '0.6.1',
219 silly addNameRange     '0.7.0',
219 silly addNameRange     '0.8.0',
219 silly addNameRange     '0.8.1',
219 silly addNameRange     '0.8.2',
219 silly addNameRange     '0.9.0',
219 silly addNameRange     '0.9.1',
219 silly addNameRange     '0.9.2',
219 silly addNameRange     '0.10.0',
219 silly addNameRange     '1.0.0-rc.1',
219 silly addNameRange     '1.0.0-rc.2',
219 silly addNameRange     '1.0.0-rc.3',
219 silly addNameRange     '1.0.0',
219 silly addNameRange     '1.0.1',
219 silly addNameRange     '1.1.0',
219 silly addNameRange     '1.1.1',
219 silly addNameRange     '1.2.0',
219 silly addNameRange     '1.2.1',
219 silly addNameRange     '1.3.0',
219 silly addNameRange     '1.3.1',
219 silly addNameRange     '2.0.0',
219 silly addNameRange     '2.1.0',
219 silly addNameRange     '2.2.0',
219 silly addNameRange     '2.2.1',
219 silly addNameRange     '2.3.0',
219 silly addNameRange     '2.4.0',
219 silly addNameRange     '2.4.1',
219 silly addNameRange     '3.0.0',
219 silly addNameRange     '3.0.1',
219 silly addNameRange     '3.1.0',
219 silly addNameRange     '3.2.0',
219 silly addNameRange     '3.3.0',
219 silly addNameRange     '3.3.1',
219 silly addNameRange     '3.4.0',
219 silly addNameRange     '3.5.0',
219 silly addNameRange     '3.6.0',
219 silly addNameRange     '1.0.2',
219 silly addNameRange     '3.7.0',
219 silly addNameRange     '2.4.2',
219 silly addNameRange     '3.8.0',
219 silly addNameRange     '3.9.0',
219 silly addNameRange     '3.9.1',
219 silly addNameRange     '3.9.2',
219 silly addNameRange     '3.9.3',
219 silly addNameRange     '3.10.0',
219 silly addNameRange     '3.10.1',
219 silly addNameRange     '4.0.0',
219 silly addNameRange     '4.0.1',
219 silly addNameRange     '4.1.0',
219 silly addNameRange     '4.2.0',
219 silly addNameRange     '4.2.1',
219 silly addNameRange     '4.3.0',
219 silly addNameRange     '4.4.0',
219 silly addNameRange     '4.5.0',
219 silly addNameRange     '4.5.1',
219 silly addNameRange     '4.6.0',
219 silly addNameRange     '4.6.1',
219 silly addNameRange     '4.7.0',
219 silly addNameRange     '4.8.0',
219 silly addNameRange     '4.8.1',
219 silly addNameRange     '4.8.2',
219 silly addNameRange     '4.9.0',
219 silly addNameRange     '4.10.0',
219 silly addNameRange     '4.11.0',
219 silly addNameRange     '4.11.1',
219 silly addNameRange     '4.11.2',
219 silly addNameRange     '4.12.0',
219 silly addNameRange     '4.13.0',
219 silly addNameRange     '4.13.1',
219 silly addNameRange     '4.14.0',
219 silly addNameRange     '4.14.1',
219 silly addNameRange     '4.14.2',
219 silly addNameRange     '4.15.0',
219 silly addNameRange     '4.16.0',
219 silly addNameRange     '4.16.1',
219 silly addNameRange     '4.16.2',
219 silly addNameRange     '4.16.3',
219 silly addNameRange     '4.16.4' ] ]
220 silly addNamed lodash@4.16.4
221 verbose addNamed "4.16.4" is a plain semver version for lodash
222 silly cache afterAdd lodash@4.16.4
223 verbose afterAdd C:\Users\Carlos Sanhueza R\AppData\Roaming\npm-cache\lodash\4.16.4\package\package.json not in flight; writing
224 verbose correctMkdir C:\Users\Carlos Sanhueza R\AppData\Roaming\npm-cache correctMkdir not in flight; initializing
225 verbose afterAdd C:\Users\Carlos Sanhueza R\AppData\Roaming\npm-cache\lodash\4.16.4\package\package.json written
226 http 304 https://registry.npmjs.org/vue-resource
227 verbose headers { date: 'Thu, 27 Oct 2016 01:47:43 GMT',
227 verbose headers   via: '1.1 varnish',
227 verbose headers   'cache-control': 'max-age=300',
227 verbose headers   etag: '"B71HSGTBL5TCNREHMHZQ6SU2I"',
227 verbose headers   age: '30',
227 verbose headers   connection: 'keep-alive',
227 verbose headers   'x-served-by': 'cache-gru7121-GRU',
227 verbose headers   'x-cache': 'HIT',
227 verbose headers   'x-cache-hits': '1',
227 verbose headers   'x-timer': 'S1477532863.589409,VS0,VE0',
227 verbose headers   vary: 'Accept-Encoding' }
228 silly get cb [ 304,
228 silly get   { date: 'Thu, 27 Oct 2016 01:47:43 GMT',
228 silly get     via: '1.1 varnish',
228 silly get     'cache-control': 'max-age=300',
228 silly get     etag: '"B71HSGTBL5TCNREHMHZQ6SU2I"',
228 silly get     age: '30',
228 silly get     connection: 'keep-alive',
228 silly get     'x-served-by': 'cache-gru7121-GRU',
228 silly get     'x-cache': 'HIT',
228 silly get     'x-cache-hits': '1',
228 silly get     'x-timer': 'S1477532863.589409,VS0,VE0',
228 silly get     vary: 'Accept-Encoding' } ]
229 verbose etag https://registry.npmjs.org/vue-resource from cache
230 verbose get saving vue-resource to C:\Users\Carlos Sanhueza R\AppData\Roaming\npm-cache\registry.npmjs.org\vue-resource\.cache.json
231 verbose correctMkdir C:\Users\Carlos Sanhueza R\AppData\Roaming\npm-cache correctMkdir not in flight; initializing
232 silly resolveWithNewModule vue-resource@1.0.3 checking installable status
233 silly cache add args [ 'vue-resource@^1.0.3', null ]
234 verbose cache add spec vue-resource@^1.0.3
235 silly cache add parsed spec Result {
235 silly cache add   raw: 'vue-resource@^1.0.3',
235 silly cache add   scope: null,
235 silly cache add   escapedName: 'vue-resource',
235 silly cache add   name: 'vue-resource',
235 silly cache add   rawSpec: '^1.0.3',
235 silly cache add   spec: '>=1.0.3 <2.0.0',
235 silly cache add   type: 'range' }
236 silly addNamed vue-resource@>=1.0.3 <2.0.0
237 verbose addNamed ">=1.0.3 <2.0.0" is a valid semver range for vue-resource
238 silly addNameRange { name: 'vue-resource', range: '>=1.0.3 <2.0.0', hasData: false }
239 silly mapToRegistry name vue-resource
240 silly mapToRegistry using default registry
241 silly mapToRegistry registry https://registry.npmjs.org/
242 silly mapToRegistry data Result {
242 silly mapToRegistry   raw: 'vue-resource',
242 silly mapToRegistry   scope: null,
242 silly mapToRegistry   escapedName: 'vue-resource',
242 silly mapToRegistry   name: 'vue-resource',
242 silly mapToRegistry   rawSpec: '',
242 silly mapToRegistry   spec: 'latest',
242 silly mapToRegistry   type: 'tag' }
243 silly mapToRegistry uri https://registry.npmjs.org/vue-resource
244 verbose addNameRange registry:https://registry.npmjs.org/vue-resource not in flight; fetching
245 verbose get https://registry.npmjs.org/vue-resource not expired, no request
246 silly addNameRange number 2 { name: 'vue-resource', range: '>=1.0.3 <2.0.0', hasData: true }
247 silly addNameRange versions [ 'vue-resource',
247 silly addNameRange   [ '0.1.2',
247 silly addNameRange     '0.1.3',
247 silly addNameRange     '0.1.4',
247 silly addNameRange     '0.1.5',
247 silly addNameRange     '0.1.6',
247 silly addNameRange     '0.1.7',
247 silly addNameRange     '0.1.8',
247 silly addNameRange     '0.1.9',
247 silly addNameRange     '0.1.10',
247 silly addNameRange     '0.1.11',
247 silly addNameRange     '0.1.12',
247 silly addNameRange     '0.1.13',
247 silly addNameRange     '0.1.14',
247 silly addNameRange     '0.1.15',
247 silly addNameRange     '0.1.16',
247 silly addNameRange     '0.1.17',
247 silly addNameRange     '0.5.0',
247 silly addNameRange     '0.5.1',
247 silly addNameRange     '0.6.0',
247 silly addNameRange     '0.6.1',
247 silly addNameRange     '0.7.0',
247 silly addNameRange     '0.7.1',
247 silly addNameRange     '0.7.2',
247 silly addNameRange     '0.7.3',
247 silly addNameRange     '0.7.4',
247 silly addNameRange     '0.8.0',
247 silly addNameRange     '0.9.0',
247 silly addNameRange     '0.9.1',
247 silly addNameRange     '0.9.2',
247 silly addNameRange     '0.9.3',
247 silly addNameRange     '1.0.0',
247 silly addNameRange     '1.0.1',
247 silly addNameRange     '1.0.2',
247 silly addNameRange     '1.0.3' ] ]
248 silly addNamed vue-resource@1.0.3
249 verbose addNamed "1.0.3" is a plain semver version for vue-resource
250 silly cache afterAdd vue-resource@1.0.3
251 verbose afterAdd C:\Users\Carlos Sanhueza R\AppData\Roaming\npm-cache\vue-resource\1.0.3\package\package.json not in flight; writing
252 verbose correctMkdir C:\Users\Carlos Sanhueza R\AppData\Roaming\npm-cache correctMkdir not in flight; initializing
253 verbose afterAdd C:\Users\Carlos Sanhueza R\AppData\Roaming\npm-cache\vue-resource\1.0.3\package\package.json written
254 silly fetchNamedPackageData lodash
255 silly mapToRegistry name lodash
256 silly mapToRegistry using default registry
257 silly mapToRegistry registry https://registry.npmjs.org/
258 silly mapToRegistry data Result {
258 silly mapToRegistry   raw: 'lodash',
258 silly mapToRegistry   scope: null,
258 silly mapToRegistry   escapedName: 'lodash',
258 silly mapToRegistry   name: 'lodash',
258 silly mapToRegistry   rawSpec: '',
258 silly mapToRegistry   spec: 'latest',
258 silly mapToRegistry   type: 'tag' }
259 silly mapToRegistry uri https://registry.npmjs.org/lodash
260 silly resolveWithNewModule lodash@1.0.2 checking installable status
261 silly cache add args [ 'lodash@~1.0.1', null ]
262 verbose cache add spec lodash@~1.0.1
263 silly cache add parsed spec Result {
263 silly cache add   raw: 'lodash@~1.0.1',
263 silly cache add   scope: null,
263 silly cache add   escapedName: 'lodash',
263 silly cache add   name: 'lodash',
263 silly cache add   rawSpec: '~1.0.1',
263 silly cache add   spec: '>=1.0.1 <1.1.0',
263 silly cache add   type: 'range' }
264 silly addNamed lodash@>=1.0.1 <1.1.0
265 verbose addNamed ">=1.0.1 <1.1.0" is a valid semver range for lodash
266 silly addNameRange { name: 'lodash', range: '>=1.0.1 <1.1.0', hasData: false }
267 silly mapToRegistry name lodash
268 silly mapToRegistry using default registry
269 silly mapToRegistry registry https://registry.npmjs.org/
270 silly mapToRegistry data Result {
270 silly mapToRegistry   raw: 'lodash',
270 silly mapToRegistry   scope: null,
270 silly mapToRegistry   escapedName: 'lodash',
270 silly mapToRegistry   name: 'lodash',
270 silly mapToRegistry   rawSpec: '',
270 silly mapToRegistry   spec: 'latest',
270 silly mapToRegistry   type: 'tag' }
271 silly mapToRegistry uri https://registry.npmjs.org/lodash
272 verbose addNameRange registry:https://registry.npmjs.org/lodash not in flight; fetching
273 verbose get https://registry.npmjs.org/lodash not expired, no request
274 silly addNameRange number 2 { name: 'lodash', range: '>=1.0.1 <1.1.0', hasData: true }
275 silly addNameRange versions [ 'lodash',
275 silly addNameRange   [ '0.1.0',
275 silly addNameRange     '0.2.0',
275 silly addNameRange     '0.2.1',
275 silly addNameRange     '0.2.2',
275 silly addNameRange     '0.3.0',
275 silly addNameRange     '0.3.1',
275 silly addNameRange     '0.3.2',
275 silly addNameRange     '0.4.0',
275 silly addNameRange     '0.4.1',
275 silly addNameRange     '0.4.2',
275 silly addNameRange     '0.5.0-rc.1',
275 silly addNameRange     '0.5.0',
275 silly addNameRange     '0.5.1',
275 silly addNameRange     '0.5.2',
275 silly addNameRange     '0.6.0',
275 silly addNameRange     '0.6.1',
275 silly addNameRange     '0.7.0',
275 silly addNameRange     '0.8.0',
275 silly addNameRange     '0.8.1',
275 silly addNameRange     '0.8.2',
275 silly addNameRange     '0.9.0',
275 silly addNameRange     '0.9.1',
275 silly addNameRange     '0.9.2',
275 silly addNameRange     '0.10.0',
275 silly addNameRange     '1.0.0-rc.1',
275 silly addNameRange     '1.0.0-rc.2',
275 silly addNameRange     '1.0.0-rc.3',
275 silly addNameRange     '1.0.0',
275 silly addNameRange     '1.0.1',
275 silly addNameRange     '1.1.0',
275 silly addNameRange     '1.1.1',
275 silly addNameRange     '1.2.0',
275 silly addNameRange     '1.2.1',
275 silly addNameRange     '1.3.0',
275 silly addNameRange     '1.3.1',
275 silly addNameRange     '2.0.0',
275 silly addNameRange     '2.1.0',
275 silly addNameRange     '2.2.0',
275 silly addNameRange     '2.2.1',
275 silly addNameRange     '2.3.0',
275 silly addNameRange     '2.4.0',
275 silly addNameRange     '2.4.1',
275 silly addNameRange     '3.0.0',
275 silly addNameRange     '3.0.1',
275 silly addNameRange     '3.1.0',
275 silly addNameRange     '3.2.0',
275 silly addNameRange     '3.3.0',
275 silly addNameRange     '3.3.1',
275 silly addNameRange     '3.4.0',
275 silly addNameRange     '3.5.0',
275 silly addNameRange     '3.6.0',
275 silly addNameRange     '1.0.2',
275 silly addNameRange     '3.7.0',
275 silly addNameRange     '2.4.2',
275 silly addNameRange     '3.8.0',
275 silly addNameRange     '3.9.0',
275 silly addNameRange     '3.9.1',
275 silly addNameRange     '3.9.2',
275 silly addNameRange     '3.9.3',
275 silly addNameRange     '3.10.0',
275 silly addNameRange     '3.10.1',
275 silly addNameRange     '4.0.0',
275 silly addNameRange     '4.0.1',
275 silly addNameRange     '4.1.0',
275 silly addNameRange     '4.2.0',
275 silly addNameRange     '4.2.1',
275 silly addNameRange     '4.3.0',
275 silly addNameRange     '4.4.0',
275 silly addNameRange     '4.5.0',
275 silly addNameRange     '4.5.1',
275 silly addNameRange     '4.6.0',
275 silly addNameRange     '4.6.1',
275 silly addNameRange     '4.7.0',
275 silly addNameRange     '4.8.0',
275 silly addNameRange     '4.8.1',
275 silly addNameRange     '4.8.2',
275 silly addNameRange     '4.9.0',
275 silly addNameRange     '4.10.0',
275 silly addNameRange     '4.11.0',
275 silly addNameRange     '4.11.1',
275 silly addNameRange     '4.11.2',
275 silly addNameRange     '4.12.0',
275 silly addNameRange     '4.13.0',
275 silly addNameRange     '4.13.1',
275 silly addNameRange     '4.14.0',
275 silly addNameRange     '4.14.1',
275 silly addNameRange     '4.14.2',
275 silly addNameRange     '4.15.0',
275 silly addNameRange     '4.16.0',
275 silly addNameRange     '4.16.1',
275 silly addNameRange     '4.16.2',
275 silly addNameRange     '4.16.3',
275 silly addNameRange     '4.16.4' ] ]
276 silly addNamed lodash@1.0.2
277 verbose addNamed "1.0.2" is a plain semver version for lodash
278 silly cache afterAdd lodash@1.0.2
279 verbose afterAdd C:\Users\Carlos Sanhueza R\AppData\Roaming\npm-cache\lodash\1.0.2\package\package.json not in flight; writing
280 verbose correctMkdir C:\Users\Carlos Sanhueza R\AppData\Roaming\npm-cache correctMkdir not in flight; initializing
281 verbose afterAdd C:\Users\Carlos Sanhueza R\AppData\Roaming\npm-cache\lodash\1.0.2\package\package.json written
282 silly fetchNamedPackageData buble
283 silly mapToRegistry name buble
284 silly mapToRegistry using default registry
285 silly mapToRegistry registry https://registry.npmjs.org/
286 silly mapToRegistry data Result {
286 silly mapToRegistry   raw: 'buble',
286 silly mapToRegistry   scope: null,
286 silly mapToRegistry   escapedName: 'buble',
286 silly mapToRegistry   name: 'buble',
286 silly mapToRegistry   rawSpec: '',
286 silly mapToRegistry   spec: 'latest',
286 silly mapToRegistry   type: 'tag' }
287 silly mapToRegistry uri https://registry.npmjs.org/buble
288 silly fetchNamedPackageData buble-loader
289 silly mapToRegistry name buble-loader
290 silly mapToRegistry using default registry
291 silly mapToRegistry registry https://registry.npmjs.org/
292 silly mapToRegistry data Result {
292 silly mapToRegistry   raw: 'buble-loader',
292 silly mapToRegistry   scope: null,
292 silly mapToRegistry   escapedName: 'buble-loader',
292 silly mapToRegistry   name: 'buble-loader',
292 silly mapToRegistry   rawSpec: '',
292 silly mapToRegistry   spec: 'latest',
292 silly mapToRegistry   type: 'tag' }
293 silly mapToRegistry uri https://registry.npmjs.org/buble-loader
294 silly fetchNamedPackageData webpack
295 silly mapToRegistry name webpack
296 silly mapToRegistry using default registry
297 silly mapToRegistry registry https://registry.npmjs.org/
298 silly mapToRegistry data Result {
298 silly mapToRegistry   raw: 'webpack',
298 silly mapToRegistry   scope: null,
298 silly mapToRegistry   escapedName: 'webpack',
298 silly mapToRegistry   name: 'webpack',
298 silly mapToRegistry   rawSpec: '',
298 silly mapToRegistry   spec: 'latest',
298 silly mapToRegistry   type: 'tag' }
299 silly mapToRegistry uri https://registry.npmjs.org/webpack
300 silly fetchOtherPackageData webpack-stream@github:jeroennoten/webpack-stream#patch-1
301 silly cache add args [ 'webpack-stream@github:jeroennoten/webpack-stream#patch-1',
301 silly cache add   null ]
302 verbose cache add spec webpack-stream@github:jeroennoten/webpack-stream#patch-1
303 silly cache add parsed spec Result {
303 silly cache add   raw: 'webpack-stream@github:jeroennoten/webpack-stream#patch-1',
303 silly cache add   scope: null,
303 silly cache add   escapedName: 'webpack-stream',
303 silly cache add   name: 'webpack-stream',
303 silly cache add   rawSpec: 'github:jeroennoten/webpack-stream#patch-1',
303 silly cache add   spec: 'github:jeroennoten/webpack-stream#patch-1',
303 silly cache add   type: 'hosted',
303 silly cache add   hosted:
303 silly cache add    { type: 'github',
303 silly cache add      ssh: 'git@github.com:jeroennoten/webpack-stream.git#patch-1',
303 silly cache add      sshUrl: 'git+ssh://git@github.com/jeroennoten/webpack-stream.git#patch-1',
303 silly cache add      httpsUrl: 'git+https://github.com/jeroennoten/webpack-stream.git#patch-1',
303 silly cache add      gitUrl: 'git://github.com/jeroennoten/webpack-stream.git#patch-1',
303 silly cache add      shortcut: 'github:jeroennoten/webpack-stream#patch-1',
303 silly cache add      directUrl: 'https://raw.githubusercontent.com/jeroennoten/webpack-stream/patch-1/package.json' } }
304 verbose addRemoteGit caching github:jeroennoten/webpack-stream#patch-1
305 verbose addRemoteGit jeroennoten/webpack-stream#patch-1 is a repository hosted by github
306 silly tryGitProto attempting to clone git://github.com/jeroennoten/webpack-stream.git#patch-1
307 silly tryClone cloning jeroennoten/webpack-stream#patch-1 via git://github.com/jeroennoten/webpack-stream.git#patch-1
308 verbose tryClone git-github-com-jeroennoten-webpack-stream-git-patch-1-5e1462f4 not in flight; caching
309 verbose correctMkdir C:\Users\Carlos Sanhueza R\AppData\Roaming\npm-cache\_git-remotes correctMkdir not in flight; initializing
310 verbose request uri https://registry.npmjs.org/buble-loader
311 verbose request no auth needed
312 info attempt registry request try #1 at 22:47:45
313 verbose etag "76OKH2HNXGTO0T8WL3H8SYLB4"
314 http request GET https://registry.npmjs.org/buble-loader
315 verbose request uri https://registry.npmjs.org/buble
316 verbose request no auth needed
317 info attempt registry request try #1 at 22:47:45
318 verbose etag "42ALRYIJOLWJAQ7JJF4906Y98"
319 http request GET https://registry.npmjs.org/buble
320 verbose request uri https://registry.npmjs.org/webpack
321 verbose request no auth needed
322 info attempt registry request try #1 at 22:47:45
323 verbose etag "8D1GAQQ42HW0TAQTHNYVCEQ2Y"
324 http request GET https://registry.npmjs.org/webpack
325 warn addRemoteGit Error: not found: git
325 warn addRemoteGit     at getNotFoundError (C:\Program Files\nodejs\node_modules\npm\node_modules\which\which.js:14:12)
325 warn addRemoteGit     at F (C:\Program Files\nodejs\node_modules\npm\node_modules\which\which.js:69:19)
325 warn addRemoteGit     at E (C:\Program Files\nodejs\node_modules\npm\node_modules\which\which.js:81:29)
325 warn addRemoteGit     at C:\Program Files\nodejs\node_modules\npm\node_modules\which\which.js:90:16
325 warn addRemoteGit     at C:\Program Files\nodejs\node_modules\npm\node_modules\which\node_modules\isexe\index.js:44:5
325 warn addRemoteGit     at C:\Program Files\nodejs\node_modules\npm\node_modules\which\node_modules\isexe\windows.js:29:5
325 warn addRemoteGit     at FSReqWrap.oncomplete (fs.js:123:15)
325 warn addRemoteGit  jeroennoten/webpack-stream#patch-1 resetting remote C:\Users\Carlos Sanhueza R\AppData\Roaming\npm-cache\_git-remotes\git-github-com-jeroennoten-webpack-stream-git-patch-1-5e1462f4 because of error: { Error: not found: git
325 warn addRemoteGit     at getNotFoundError (C:\Program Files\nodejs\node_modules\npm\node_modules\which\which.js:14:12)
325 warn addRemoteGit     at F (C:\Program Files\nodejs\node_modules\npm\node_modules\which\which.js:69:19)
325 warn addRemoteGit     at E (C:\Program Files\nodejs\node_modules\npm\node_modules\which\which.js:81:29)
325 warn addRemoteGit     at C:\Program Files\nodejs\node_modules\npm\node_modules\which\which.js:90:16
325 warn addRemoteGit     at C:\Program Files\nodejs\node_modules\npm\node_modules\which\node_modules\isexe\index.js:44:5
325 warn addRemoteGit     at C:\Program Files\nodejs\node_modules\npm\node_modules\which\node_modules\isexe\windows.js:29:5
325 warn addRemoteGit     at FSReqWrap.oncomplete (fs.js:123:15) code: 'ENOGIT' }
326 info resetRemote resetting C:\Users\Carlos Sanhueza R\AppData\Roaming\npm-cache\_git-remotes\git-github-com-jeroennoten-webpack-stream-git-patch-1-5e1462f4 for jeroennoten/webpack-stream#patch-1
327 silly gentlyRm C:\Users\Carlos Sanhueza R\AppData\Roaming\npm-cache\_git-remotes\git-github-com-jeroennoten-webpack-stream-git-patch-1-5e1462f4 is being purged
328 verbose gentlyRm don't care about contents; nuking C:\Users\Carlos Sanhueza R\AppData\Roaming\npm-cache\_git-remotes\git-github-com-jeroennoten-webpack-stream-git-patch-1-5e1462f4
329 silly vacuum-fs purging C:\Users\Carlos Sanhueza R\AppData\Roaming\npm-cache\_git-remotes\git-github-com-jeroennoten-webpack-stream-git-patch-1-5e1462f4
330 silly vacuum-fs quitting because other entries in C:\Users\Carlos Sanhueza R\AppData\Roaming\npm-cache\_git-remotes
331 error git clone --template=C:\Users\Carlos Sanhueza R\AppData\Roaming\npm-cache\_git-remotes\_templates --mirror git://github.com/jeroennoten/webpack-stream.git C:\Users\Carlos Sanhueza R\AppData\Roaming\npm-cache\_git-remotes\git-github-com-jeroennoten-webpack-stream-git-patch-1-5e1462f4: undefined
331 error git clone --template=C:\Users\Carlos Sanhueza R\AppData\Roaming\npm-cache\_git-remotes\_templates --mirror git://github.com/jeroennoten/webpack-stream.git C:\Users\Carlos Sanhueza R\AppData\Roaming\npm-cache\_git-remotes\git-github-com-jeroennoten-webpack-stream-git-patch-1-5e1462f4: undefined
332 silly tryHTTPS attempting to clone git+https://github.com/jeroennoten/webpack-stream.git#patch-1
333 silly tryClone cloning jeroennoten/webpack-stream#patch-1 via git+https://github.com/jeroennoten/webpack-stream.git#patch-1
334 verbose tryClone git-https-github-com-jeroennoten-webpack-stream-git-patch-1-60be6dae not in flight; caching
335 verbose correctMkdir C:\Users\Carlos Sanhueza R\AppData\Roaming\npm-cache\_git-remotes correctMkdir not in flight; initializing
336 warn addRemoteGit Error: not found: git
336 warn addRemoteGit     at getNotFoundError (C:\Program Files\nodejs\node_modules\npm\node_modules\which\which.js:14:12)
336 warn addRemoteGit     at F (C:\Program Files\nodejs\node_modules\npm\node_modules\which\which.js:69:19)
336 warn addRemoteGit     at E (C:\Program Files\nodejs\node_modules\npm\node_modules\which\which.js:81:29)
336 warn addRemoteGit     at C:\Program Files\nodejs\node_modules\npm\node_modules\which\which.js:90:16
336 warn addRemoteGit     at C:\Program Files\nodejs\node_modules\npm\node_modules\which\node_modules\isexe\index.js:44:5
336 warn addRemoteGit     at C:\Program Files\nodejs\node_modules\npm\node_modules\which\node_modules\isexe\windows.js:29:5
336 warn addRemoteGit     at FSReqWrap.oncomplete (fs.js:123:15)
336 warn addRemoteGit  jeroennoten/webpack-stream#patch-1 resetting remote C:\Users\Carlos Sanhueza R\AppData\Roaming\npm-cache\_git-remotes\git-https-github-com-jeroennoten-webpack-stream-git-patch-1-60be6dae because of error: { Error: not found: git
336 warn addRemoteGit     at getNotFoundError (C:\Program Files\nodejs\node_modules\npm\node_modules\which\which.js:14:12)
336 warn addRemoteGit     at F (C:\Program Files\nodejs\node_modules\npm\node_modules\which\which.js:69:19)
336 warn addRemoteGit     at E (C:\Program Files\nodejs\node_modules\npm\node_modules\which\which.js:81:29)
336 warn addRemoteGit     at C:\Program Files\nodejs\node_modules\npm\node_modules\which\which.js:90:16
336 warn addRemoteGit     at C:\Program Files\nodejs\node_modules\npm\node_modules\which\node_modules\isexe\index.js:44:5
336 warn addRemoteGit     at C:\Program Files\nodejs\node_modules\npm\node_modules\which\node_modules\isexe\windows.js:29:5
336 warn addRemoteGit     at FSReqWrap.oncomplete (fs.js:123:15) code: 'ENOGIT' }
337 info resetRemote resetting C:\Users\Carlos Sanhueza R\AppData\Roaming\npm-cache\_git-remotes\git-https-github-com-jeroennoten-webpack-stream-git-patch-1-60be6dae for jeroennoten/webpack-stream#patch-1
338 silly gentlyRm C:\Users\Carlos Sanhueza R\AppData\Roaming\npm-cache\_git-remotes\git-https-github-com-jeroennoten-webpack-stream-git-patch-1-60be6dae is being purged
339 verbose gentlyRm don't care about contents; nuking C:\Users\Carlos Sanhueza R\AppData\Roaming\npm-cache\_git-remotes\git-https-github-com-jeroennoten-webpack-stream-git-patch-1-60be6dae
340 http 304 https://registry.npmjs.org/buble
341 verbose headers { date: 'Thu, 27 Oct 2016 01:47:44 GMT',
341 verbose headers   via: '1.1 varnish',
341 verbose headers   'cache-control': 'max-age=300',
341 verbose headers   etag: '"42ALRYIJOLWJAQ7JJF4906Y98"',
341 verbose headers   age: '30',
341 verbose headers   connection: 'keep-alive',
341 verbose headers   'x-served-by': 'cache-gru7120-GRU',
341 verbose headers   'x-cache': 'HIT',
341 verbose headers   'x-cache-hits': '1',
341 verbose headers   'x-timer': 'S1477532864.102236,VS0,VE0',
341 verbose headers   vary: 'Accept-Encoding' }
342 silly get cb [ 304,
342 silly get   { date: 'Thu, 27 Oct 2016 01:47:44 GMT',
342 silly get     via: '1.1 varnish',
342 silly get     'cache-control': 'max-age=300',
342 silly get     etag: '"42ALRYIJOLWJAQ7JJF4906Y98"',
342 silly get     age: '30',
342 silly get     connection: 'keep-alive',
342 silly get     'x-served-by': 'cache-gru7120-GRU',
342 silly get     'x-cache': 'HIT',
342 silly get     'x-cache-hits': '1',
342 silly get     'x-timer': 'S1477532864.102236,VS0,VE0',
342 silly get     vary: 'Accept-Encoding' } ]
343 verbose etag https://registry.npmjs.org/buble from cache
344 verbose get saving buble to C:\Users\Carlos Sanhueza R\AppData\Roaming\npm-cache\registry.npmjs.org\buble\.cache.json
345 verbose correctMkdir C:\Users\Carlos Sanhueza R\AppData\Roaming\npm-cache correctMkdir not in flight; initializing
346 http 304 https://registry.npmjs.org/webpack
347 verbose headers { date: 'Thu, 27 Oct 2016 01:47:44 GMT',
347 verbose headers   via: '1.1 varnish',
347 verbose headers   'cache-control': 'max-age=300',
347 verbose headers   etag: '"8D1GAQQ42HW0TAQTHNYVCEQ2Y"',
347 verbose headers   age: '142',
347 verbose headers   connection: 'keep-alive',
347 verbose headers   'x-served-by': 'cache-gru7127-GRU',
347 verbose headers   'x-cache': 'HIT',
347 verbose headers   'x-cache-hits': '1',
347 verbose headers   'x-timer': 'S1477532864.114792,VS0,VE1',
347 verbose headers   vary: 'Accept-Encoding' }
348 silly get cb [ 304,
348 silly get   { date: 'Thu, 27 Oct 2016 01:47:44 GMT',
348 silly get     via: '1.1 varnish',
348 silly get     'cache-control': 'max-age=300',
348 silly get     etag: '"8D1GAQQ42HW0TAQTHNYVCEQ2Y"',
348 silly get     age: '142',
348 silly get     connection: 'keep-alive',
348 silly get     'x-served-by': 'cache-gru7127-GRU',
348 silly get     'x-cache': 'HIT',
348 silly get     'x-cache-hits': '1',
348 silly get     'x-timer': 'S1477532864.114792,VS0,VE1',
348 silly get     vary: 'Accept-Encoding' } ]
349 verbose etag https://registry.npmjs.org/webpack from cache
350 verbose get saving webpack to C:\Users\Carlos Sanhueza R\AppData\Roaming\npm-cache\registry.npmjs.org\webpack\.cache.json
351 verbose correctMkdir C:\Users\Carlos Sanhueza R\AppData\Roaming\npm-cache correctMkdir not in flight; initializing
352 silly vacuum-fs purging C:\Users\Carlos Sanhueza R\AppData\Roaming\npm-cache\_git-remotes\git-https-github-com-jeroennoten-webpack-stream-git-patch-1-60be6dae
353 silly vacuum-fs quitting because other entries in C:\Users\Carlos Sanhueza R\AppData\Roaming\npm-cache\_git-remotes
354 silly resolveWithNewModule webpack@2.1.0-beta.22 checking installable status
355 silly cache add args [ 'webpack@2.1.0-beta.15 - 2.1.0-beta.22', null ]
356 verbose cache add spec webpack@2.1.0-beta.15 - 2.1.0-beta.22
357 silly cache add parsed spec Result {
357 silly cache add   raw: 'webpack@2.1.0-beta.15 - 2.1.0-beta.22',
357 silly cache add   scope: null,
357 silly cache add   escapedName: 'webpack',
357 silly cache add   name: 'webpack',
357 silly cache add   rawSpec: '2.1.0-beta.15 - 2.1.0-beta.22',
357 silly cache add   spec: '>=2.1.0-beta.15 <=2.1.0-beta.22',
357 silly cache add   type: 'range' }
358 silly addNamed webpack@>=2.1.0-beta.15 <=2.1.0-beta.22
359 verbose addNamed ">=2.1.0-beta.15 <=2.1.0-beta.22" is a valid semver range for webpack
360 silly addNameRange { name: 'webpack',
360 silly addNameRange   range: '>=2.1.0-beta.15 <=2.1.0-beta.22',
360 silly addNameRange   hasData: false }
361 silly mapToRegistry name webpack
362 silly mapToRegistry using default registry
363 silly mapToRegistry registry https://registry.npmjs.org/
364 silly mapToRegistry data Result {
364 silly mapToRegistry   raw: 'webpack',
364 silly mapToRegistry   scope: null,
364 silly mapToRegistry   escapedName: 'webpack',
364 silly mapToRegistry   name: 'webpack',
364 silly mapToRegistry   rawSpec: '',
364 silly mapToRegistry   spec: 'latest',
364 silly mapToRegistry   type: 'tag' }
365 silly mapToRegistry uri https://registry.npmjs.org/webpack
366 verbose addNameRange registry:https://registry.npmjs.org/webpack not in flight; fetching
367 silly resolveWithNewModule buble@0.12.5 checking installable status
368 silly cache add args [ 'buble@^0.12.3', null ]
369 verbose cache add spec buble@^0.12.3
370 silly cache add parsed spec Result {
370 silly cache add   raw: 'buble@^0.12.3',
370 silly cache add   scope: null,
370 silly cache add   escapedName: 'buble',
370 silly cache add   name: 'buble',
370 silly cache add   rawSpec: '^0.12.3',
370 silly cache add   spec: '>=0.12.3 <0.13.0',
370 silly cache add   type: 'range' }
371 silly addNamed buble@>=0.12.3 <0.13.0
372 verbose addNamed ">=0.12.3 <0.13.0" is a valid semver range for buble
373 silly addNameRange { name: 'buble', range: '>=0.12.3 <0.13.0', hasData: false }
374 silly mapToRegistry name buble
375 silly mapToRegistry using default registry
376 silly mapToRegistry registry https://registry.npmjs.org/
377 silly mapToRegistry data Result {
377 silly mapToRegistry   raw: 'buble',
377 silly mapToRegistry   scope: null,
377 silly mapToRegistry   escapedName: 'buble',
377 silly mapToRegistry   name: 'buble',
377 silly mapToRegistry   rawSpec: '',
377 silly mapToRegistry   spec: 'latest',
377 silly mapToRegistry   type: 'tag' }
378 silly mapToRegistry uri https://registry.npmjs.org/buble
379 verbose addNameRange registry:https://registry.npmjs.org/buble not in flight; fetching
380 verbose get https://registry.npmjs.org/buble not expired, no request
381 silly addNameRange number 2 { name: 'buble', range: '>=0.12.3 <0.13.0', hasData: true }
382 silly addNameRange versions [ 'buble',
382 silly addNameRange   [ '0.1.0',
382 silly addNameRange     '0.2.0',
382 silly addNameRange     '0.2.1',
382 silly addNameRange     '0.2.2',
382 silly addNameRange     '0.3.0',
382 silly addNameRange     '0.3.1',
382 silly addNameRange     '0.3.2',
382 silly addNameRange     '0.3.3',
382 silly addNameRange     '0.3.4',
382 silly addNameRange     '0.4.0',
382 silly addNameRange     '0.4.1',
382 silly addNameRange     '0.4.2',
382 silly addNameRange     '0.4.3',
382 silly addNameRange     '0.4.4',
382 silly addNameRange     '0.4.5',
382 silly addNameRange     '0.4.6',
382 silly addNameRange     '0.4.7',
382 silly addNameRange     '0.4.8',
382 silly addNameRange     '0.4.9',
382 silly addNameRange     '0.4.10',
382 silly addNameRange     '0.4.11',
382 silly addNameRange     '0.4.12',
382 silly addNameRange     '0.4.13',
382 silly addNameRange     '0.4.14',
382 silly addNameRange     '0.4.15',
382 silly addNameRange     '0.4.16',
382 silly addNameRange     '0.4.17',
382 silly addNameRange     '0.4.18',
382 silly addNameRange     '0.4.20',
382 silly addNameRange     '0.4.21',
382 silly addNameRange     '0.4.22',
382 silly addNameRange     '0.4.23',
382 silly addNameRange     '0.4.24',
382 silly addNameRange     '0.5.0',
382 silly addNameRange     '0.5.1',
382 silly addNameRange     '0.5.2',
382 silly addNameRange     '0.5.3',
382 silly addNameRange     '0.5.4',
382 silly addNameRange     '0.5.5',
382 silly addNameRange     '0.5.6',
382 silly addNameRange     '0.5.7',
382 silly addNameRange     '0.5.8',
382 silly addNameRange     '0.6.0',
382 silly addNameRange     '0.6.1',
382 silly addNameRange     '0.6.2',
382 silly addNameRange     '0.6.3',
382 silly addNameRange     '0.6.4',
382 silly addNameRange     '0.6.5',
382 silly addNameRange     '0.6.6',
382 silly addNameRange     '0.6.7',
382 silly addNameRange     '0.7.0',
382 silly addNameRange     '0.7.1',
382 silly addNameRange     '0.8.0',
382 silly addNameRange     '0.8.1',
382 silly addNameRange     '0.8.2',
382 silly addNameRange     '0.8.3',
382 silly addNameRange     '0.8.4',
382 silly addNameRange     '0.8.5',
382 silly addNameRange     '0.9.0',
382 silly addNameRange     '0.9.1',
382 silly addNameRange     '0.9.2',
382 silly addNameRange     '0.9.3',
382 silly addNameRange     '0.10.0',
382 silly addNameRange     '0.10.1',
382 silly addNameRange     '0.10.2',
382 silly addNameRange     '0.10.3',
382 silly addNameRange     '0.10.4',
382 silly addNameRange     '0.10.5',
382 silly addNameRange     '0.10.6',
382 silly addNameRange     '0.10.7',
382 silly addNameRange     '0.11.0',
382 silly addNameRange     '0.11.1',
382 silly addNameRange     '0.11.2',
382 silly addNameRange     '0.11.3',
382 silly addNameRange     '0.11.4',
382 silly addNameRange     '0.11.5',
382 silly addNameRange     '0.11.6',
382 silly addNameRange     '0.12.0',
382 silly addNameRange     '0.12.1',
382 silly addNameRange     '0.12.2',
382 silly addNameRange     '0.12.3',
382 silly addNameRange     '0.12.4',
382 silly addNameRange     '0.12.5',
382 silly addNameRange     '0.13.0',
382 silly addNameRange     '0.13.1',
382 silly addNameRange     '0.13.2',
382 silly addNameRange     '0.14.0' ] ]
383 silly addNamed buble@0.12.5
384 verbose addNamed "0.12.5" is a plain semver version for buble
385 verbose get https://registry.npmjs.org/webpack not expired, no request
386 silly addNameRange number 2 { name: 'webpack',
386 silly addNameRange   range: '>=2.1.0-beta.15 <=2.1.0-beta.22',
386 silly addNameRange   hasData: true }
387 silly addNameRange versions [ 'webpack',
387 silly addNameRange   [ '0.1.0',
387 silly addNameRange     '0.1.1',
387 silly addNameRange     '0.1.2',
387 silly addNameRange     '0.1.3',
387 silly addNameRange     '0.1.4',
387 silly addNameRange     '0.1.5',
387 silly addNameRange     '0.1.6',
387 silly addNameRange     '0.2.0',
387 silly addNameRange     '0.2.1',
387 silly addNameRange     '0.2.2',
387 silly addNameRange     '0.2.3',
387 silly addNameRange     '0.2.4',
387 silly addNameRange     '0.2.6',
387 silly addNameRange     '0.2.7',
387 silly addNameRange     '0.2.8',
387 silly addNameRange     '0.3.0',
387 silly addNameRange     '0.3.1',
387 silly addNameRange     '0.3.2',
387 silly addNameRange     '0.3.3',
387 silly addNameRange     '0.3.4',
387 silly addNameRange     '0.3.6',
387 silly addNameRange     '0.3.7',
387 silly addNameRange     '0.3.8',
387 silly addNameRange     '0.3.9',
387 silly addNameRange     '0.3.10',
387 silly addNameRange     '0.3.11',
387 silly addNameRange     '0.3.12',
387 silly addNameRange     '0.3.13',
387 silly addNameRange     '0.3.14',
387 silly addNameRange     '0.3.15',
387 silly addNameRange     '0.3.16',
387 silly addNameRange     '0.3.17',
387 silly addNameRange     '0.3.18',
387 silly addNameRange     '0.3.19',
387 silly addNameRange     '0.3.20',
387 silly addNameRange     '0.4.0',
387 silly addNameRange     '0.4.1',
387 silly addNameRange     '0.4.2',
387 silly addNameRange     '0.4.3',
387 silly addNameRange     '0.4.4',
387 silly addNameRange     '0.4.5',
387 silly addNameRange     '0.4.6',
387 silly addNameRange     '0.4.7',
387 silly addNameRange     '0.4.8',
387 silly addNameRange     '0.4.9',
387 silly addNameRange     '0.4.10',
387 silly addNameRange     '0.4.11',
387 silly addNameRange     '0.4.12',
387 silly addNameRange     '0.4.13',
387 silly addNameRange     '0.4.14',
387 silly addNameRange     '0.4.15',
387 silly addNameRange     '0.4.16',
387 silly addNameRange     '0.4.17',
387 silly addNameRange     '0.4.18',
387 silly addNameRange     '0.4.19',
387 silly addNameRange     '0.4.20',
387 silly addNameRange     '0.4.21',
387 silly addNameRange     '0.4.23',
387 silly addNameRange     '0.4.24',
387 silly addNameRange     '0.4.25',
387 silly addNameRange     '0.5.0',
387 silly addNameRange     '0.5.1',
387 silly addNameRange     '0.5.2',
387 silly addNameRange     '0.5.3',
387 silly addNameRange     '0.5.4',
387 silly addNameRange     '0.5.5',
387 silly addNameRange     '0.5.6',
387 silly addNameRange     '0.5.7',
387 silly addNameRange     '0.5.8',
387 silly addNameRange     '0.5.10',
387 silly addNameRange     '0.6.0',
387 silly addNameRange     '0.6.1',
387 silly addNameRange     '0.6.2',
387 silly addNameRange     '0.7.0-beta',
387 silly addNameRange     '0.7.0-beta2',
387 silly addNameRange     '0.7.0-beta3',
387 silly addNameRange     '0.7.0-beta4',
387 silly addNameRange     '0.7.0-beta5',
387 silly addNameRange     '0.7.0-beta6',
387 silly addNameRange     '0.7.0-beta7',
387 silly addNameRange     '0.7.0-beta8',
387 silly addNameRange     '0.7.0',
387 silly addNameRange     '0.7.1',
387 silly addNameRange     '0.7.2',
387 silly addNameRange     '0.7.3',
387 silly addNameRange     '0.7.4',
387 silly addNameRange     '0.7.5',
387 silly addNameRange     '0.7.6',
387 silly addNameRange     '0.7.7',
387 silly addNameRange     '0.7.8',
387 silly addNameRange     '0.7.9',
387 silly addNameRange     '0.7.11',
387 silly addNameRange     '0.7.12',
387 silly addNameRange     '0.7.13',
387 silly addNameRange     '0.7.14',
387 silly addNameRange     '0.7.15',
387 silly addNameRange     '0.7.16',
387 silly addNameRange     '0.7.17',
387 silly addNameRange     '0.8.0-beta1',
387 silly addNameRange     '0.8.0-beta2',
387 silly addNameRange     ... 323 more items ] ]
388 silly addNamed webpack@2.1.0-beta.22
389 verbose addNamed "2.1.0-beta.22" is a plain semver version for webpack
390 silly cache afterAdd buble@0.12.5
391 verbose afterAdd C:\Users\Carlos Sanhueza R\AppData\Roaming\npm-cache\buble\0.12.5\package\package.json not in flight; writing
392 verbose correctMkdir C:\Users\Carlos Sanhueza R\AppData\Roaming\npm-cache correctMkdir not in flight; initializing
393 silly cache afterAdd webpack@2.1.0-beta.22
394 verbose afterAdd C:\Users\Carlos Sanhueza R\AppData\Roaming\npm-cache\webpack\2.1.0-beta.22\package\package.json not in flight; writing
395 verbose correctMkdir C:\Users\Carlos Sanhueza R\AppData\Roaming\npm-cache correctMkdir not in flight; initializing
396 verbose afterAdd C:\Users\Carlos Sanhueza R\AppData\Roaming\npm-cache\buble\0.12.5\package\package.json written
397 verbose afterAdd C:\Users\Carlos Sanhueza R\AppData\Roaming\npm-cache\webpack\2.1.0-beta.22\package\package.json written
398 error git clone --template=C:\Users\Carlos Sanhueza R\AppData\Roaming\npm-cache\_git-remotes\_templates --mirror https://github.com/jeroennoten/webpack-stream.git C:\Users\Carlos Sanhueza R\AppData\Roaming\npm-cache\_git-remotes\git-https-github-com-jeroennoten-webpack-stream-git-patch-1-60be6dae: undefined
398 error git clone --template=C:\Users\Carlos Sanhueza R\AppData\Roaming\npm-cache\_git-remotes\_templates --mirror https://github.com/jeroennoten/webpack-stream.git C:\Users\Carlos Sanhueza R\AppData\Roaming\npm-cache\_git-remotes\git-https-github-com-jeroennoten-webpack-stream-git-patch-1-60be6dae: undefined
399 silly trySSH attempting to clone git@github.com:jeroennoten/webpack-stream.git#patch-1
400 silly tryClone cloning jeroennoten/webpack-stream#patch-1 via git@github.com:jeroennoten/webpack-stream.git#patch-1
401 verbose tryClone git-github-com-jeroennoten-webpack-stream-git-patch-1-b24e730a not in flight; caching
402 verbose correctMkdir C:\Users\Carlos Sanhueza R\AppData\Roaming\npm-cache\_git-remotes correctMkdir not in flight; initializing
403 warn addRemoteGit Error: not found: git
403 warn addRemoteGit     at getNotFoundError (C:\Program Files\nodejs\node_modules\npm\node_modules\which\which.js:14:12)
403 warn addRemoteGit     at F (C:\Program Files\nodejs\node_modules\npm\node_modules\which\which.js:69:19)
403 warn addRemoteGit     at E (C:\Program Files\nodejs\node_modules\npm\node_modules\which\which.js:81:29)
403 warn addRemoteGit     at C:\Program Files\nodejs\node_modules\npm\node_modules\which\which.js:90:16
403 warn addRemoteGit     at C:\Program Files\nodejs\node_modules\npm\node_modules\which\node_modules\isexe\index.js:44:5
403 warn addRemoteGit     at C:\Program Files\nodejs\node_modules\npm\node_modules\which\node_modules\isexe\windows.js:29:5
403 warn addRemoteGit     at FSReqWrap.oncomplete (fs.js:123:15)
403 warn addRemoteGit  jeroennoten/webpack-stream#patch-1 resetting remote C:\Users\Carlos Sanhueza R\AppData\Roaming\npm-cache\_git-remotes\git-github-com-jeroennoten-webpack-stream-git-patch-1-b24e730a because of error: { Error: not found: git
403 warn addRemoteGit     at getNotFoundError (C:\Program Files\nodejs\node_modules\npm\node_modules\which\which.js:14:12)
403 warn addRemoteGit     at F (C:\Program Files\nodejs\node_modules\npm\node_modules\which\which.js:69:19)
403 warn addRemoteGit     at E (C:\Program Files\nodejs\node_modules\npm\node_modules\which\which.js:81:29)
403 warn addRemoteGit     at C:\Program Files\nodejs\node_modules\npm\node_modules\which\which.js:90:16
403 warn addRemoteGit     at C:\Program Files\nodejs\node_modules\npm\node_modules\which\node_modules\isexe\index.js:44:5
403 warn addRemoteGit     at C:\Program Files\nodejs\node_modules\npm\node_modules\which\node_modules\isexe\windows.js:29:5
403 warn addRemoteGit     at FSReqWrap.oncomplete (fs.js:123:15) code: 'ENOGIT' }
404 info resetRemote resetting C:\Users\Carlos Sanhueza R\AppData\Roaming\npm-cache\_git-remotes\git-github-com-jeroennoten-webpack-stream-git-patch-1-b24e730a for jeroennoten/webpack-stream#patch-1
405 silly gentlyRm C:\Users\Carlos Sanhueza R\AppData\Roaming\npm-cache\_git-remotes\git-github-com-jeroennoten-webpack-stream-git-patch-1-b24e730a is being purged
406 verbose gentlyRm don't care about contents; nuking C:\Users\Carlos Sanhueza R\AppData\Roaming\npm-cache\_git-remotes\git-github-com-jeroennoten-webpack-stream-git-patch-1-b24e730a
407 silly vacuum-fs purging C:\Users\Carlos Sanhueza R\AppData\Roaming\npm-cache\_git-remotes\git-github-com-jeroennoten-webpack-stream-git-patch-1-b24e730a
408 silly vacuum-fs quitting because other entries in C:\Users\Carlos Sanhueza R\AppData\Roaming\npm-cache\_git-remotes
409 error git clone --template=C:\Users\Carlos Sanhueza R\AppData\Roaming\npm-cache\_git-remotes\_templates --mirror git@github.com:jeroennoten/webpack-stream.git C:\Users\Carlos Sanhueza R\AppData\Roaming\npm-cache\_git-remotes\git-github-com-jeroennoten-webpack-stream-git-patch-1-b24e730a: undefined
409 error git clone --template=C:\Users\Carlos Sanhueza R\AppData\Roaming\npm-cache\_git-remotes\_templates --mirror git@github.com:jeroennoten/webpack-stream.git C:\Users\Carlos Sanhueza R\AppData\Roaming\npm-cache\_git-remotes\git-github-com-jeroennoten-webpack-stream-git-patch-1-b24e730a: undefined
410 silly fetchPackageMetaData Error: not found: git
410 silly fetchPackageMetaData     at getNotFoundError (C:\Program Files\nodejs\node_modules\npm\node_modules\which\which.js:14:12)
410 silly fetchPackageMetaData     at F (C:\Program Files\nodejs\node_modules\npm\node_modules\which\which.js:69:19)
410 silly fetchPackageMetaData     at E (C:\Program Files\nodejs\node_modules\npm\node_modules\which\which.js:81:29)
410 silly fetchPackageMetaData     at C:\Program Files\nodejs\node_modules\npm\node_modules\which\which.js:90:16
410 silly fetchPackageMetaData     at C:\Program Files\nodejs\node_modules\npm\node_modules\which\node_modules\isexe\index.js:44:5
410 silly fetchPackageMetaData     at C:\Program Files\nodejs\node_modules\npm\node_modules\which\node_modules\isexe\windows.js:29:5
410 silly fetchPackageMetaData     at FSReqWrap.oncomplete (fs.js:123:15)
410 silly fetchPackageMetaData  error for webpack-stream@github:jeroennoten/webpack-stream#patch-1 { Error: not found: git
410 silly fetchPackageMetaData     at getNotFoundError (C:\Program Files\nodejs\node_modules\npm\node_modules\which\which.js:14:12)
410 silly fetchPackageMetaData     at F (C:\Program Files\nodejs\node_modules\npm\node_modules\which\which.js:69:19)
410 silly fetchPackageMetaData     at E (C:\Program Files\nodejs\node_modules\npm\node_modules\which\which.js:81:29)
410 silly fetchPackageMetaData     at C:\Program Files\nodejs\node_modules\npm\node_modules\which\which.js:90:16
410 silly fetchPackageMetaData     at C:\Program Files\nodejs\node_modules\npm\node_modules\which\node_modules\isexe\index.js:44:5
410 silly fetchPackageMetaData     at C:\Program Files\nodejs\node_modules\npm\node_modules\which\node_modules\isexe\windows.js:29:5
410 silly fetchPackageMetaData     at FSReqWrap.oncomplete (fs.js:123:15) code: 'ENOGIT' }
411 http 304 https://registry.npmjs.org/buble-loader
412 verbose headers { date: 'Thu, 27 Oct 2016 01:47:44 GMT',
412 verbose headers   via: '1.1 varnish',
412 verbose headers   'cache-control': 'max-age=300',
412 verbose headers   etag: '"76OKH2HNXGTO0T8WL3H8SYLB4"',
412 verbose headers   age: '30',
412 verbose headers   connection: 'keep-alive',
412 verbose headers   'x-served-by': 'cache-gru7125-GRU',
412 verbose headers   'x-cache': 'HIT',
412 verbose headers   'x-cache-hits': '1',
412 verbose headers   'x-timer': 'S1477532864.103434,VS0,VE0',
412 verbose headers   vary: 'Accept-Encoding' }
413 silly get cb [ 304,
413 silly get   { date: 'Thu, 27 Oct 2016 01:47:44 GMT',
413 silly get     via: '1.1 varnish',
413 silly get     'cache-control': 'max-age=300',
413 silly get     etag: '"76OKH2HNXGTO0T8WL3H8SYLB4"',
413 silly get     age: '30',
413 silly get     connection: 'keep-alive',
413 silly get     'x-served-by': 'cache-gru7125-GRU',
413 silly get     'x-cache': 'HIT',
413 silly get     'x-cache-hits': '1',
413 silly get     'x-timer': 'S1477532864.103434,VS0,VE0',
413 silly get     vary: 'Accept-Encoding' } ]
414 verbose etag https://registry.npmjs.org/buble-loader from cache
415 verbose get saving buble-loader to C:\Users\Carlos Sanhueza R\AppData\Roaming\npm-cache\registry.npmjs.org\buble-loader\.cache.json
416 verbose correctMkdir C:\Users\Carlos Sanhueza R\AppData\Roaming\npm-cache correctMkdir not in flight; initializing
417 silly resolveWithNewModule buble-loader@0.2.2 checking installable status
418 silly cache add args [ 'buble-loader@^0.2.2', null ]
419 verbose cache add spec buble-loader@^0.2.2
420 silly cache add parsed spec Result {
420 silly cache add   raw: 'buble-loader@^0.2.2',
420 silly cache add   scope: null,
420 silly cache add   escapedName: 'buble-loader',
420 silly cache add   name: 'buble-loader',
420 silly cache add   rawSpec: '^0.2.2',
420 silly cache add   spec: '>=0.2.2 <0.3.0',
420 silly cache add   type: 'range' }
421 silly addNamed buble-loader@>=0.2.2 <0.3.0
422 verbose addNamed ">=0.2.2 <0.3.0" is a valid semver range for buble-loader
423 silly addNameRange { name: 'buble-loader', range: '>=0.2.2 <0.3.0', hasData: false }
424 silly mapToRegistry name buble-loader
425 silly mapToRegistry using default registry
426 silly mapToRegistry registry https://registry.npmjs.org/
427 silly mapToRegistry data Result {
427 silly mapToRegistry   raw: 'buble-loader',
427 silly mapToRegistry   scope: null,
427 silly mapToRegistry   escapedName: 'buble-loader',
427 silly mapToRegistry   name: 'buble-loader',
427 silly mapToRegistry   rawSpec: '',
427 silly mapToRegistry   spec: 'latest',
427 silly mapToRegistry   type: 'tag' }
428 silly mapToRegistry uri https://registry.npmjs.org/buble-loader
429 verbose addNameRange registry:https://registry.npmjs.org/buble-loader not in flight; fetching
430 verbose get https://registry.npmjs.org/buble-loader not expired, no request
431 silly addNameRange number 2 { name: 'buble-loader', range: '>=0.2.2 <0.3.0', hasData: true }
432 silly addNameRange versions [ 'buble-loader',
432 silly addNameRange   [ '0.1.0', '0.2.0', '0.2.1', '0.2.2', '0.3.0', '0.3.1' ] ]
433 silly addNamed buble-loader@0.2.2
434 verbose addNamed "0.2.2" is a plain semver version for buble-loader
435 silly cache afterAdd buble-loader@0.2.2
436 verbose afterAdd C:\Users\Carlos Sanhueza R\AppData\Roaming\npm-cache\buble-loader\0.2.2\package\package.json not in flight; writing
437 verbose correctMkdir C:\Users\Carlos Sanhueza R\AppData\Roaming\npm-cache correctMkdir not in flight; initializing
438 verbose afterAdd C:\Users\Carlos Sanhueza R\AppData\Roaming\npm-cache\buble-loader\0.2.2\package\package.json written
439 silly rollbackFailedOptional Starting
440 silly rollbackFailedOptional Finishing
441 silly runTopLevelLifecycles Finishing
442 silly install printInstalled
443 verbose stack Error: not found: git
443 verbose stack     at getNotFoundError (C:\Program Files\nodejs\node_modules\npm\node_modules\which\which.js:14:12)
443 verbose stack     at F (C:\Program Files\nodejs\node_modules\npm\node_modules\which\which.js:69:19)
443 verbose stack     at E (C:\Program Files\nodejs\node_modules\npm\node_modules\which\which.js:81:29)
443 verbose stack     at C:\Program Files\nodejs\node_modules\npm\node_modules\which\which.js:90:16
443 verbose stack     at C:\Program Files\nodejs\node_modules\npm\node_modules\which\node_modules\isexe\index.js:44:5
443 verbose stack     at C:\Program Files\nodejs\node_modules\npm\node_modules\which\node_modules\isexe\windows.js:29:5
443 verbose stack     at FSReqWrap.oncomplete (fs.js:123:15)
444 verbose cwd C:\xampp\htdocs\ecommerce
445 error Windows_NT 10.0.14393
446 error argv "C:\\Program Files\\nodejs\\node.exe" "C:\\Program Files\\nodejs\\node_modules\\npm\\bin\\npm-cli.js" "install"
447 error node v6.9.1
448 error npm  v3.10.8
449 error code ENOGIT
450 error not found: git
451 error Failed using git.
451 error This is most likely not a problem with npm itself.
451 error Please check if you have git installed and in your PATH.
452 verbose exit [ 1, true ]
